#
# A fatal error has been detected by the Java Runtime Environment:
#
#  EXCEPTION_ACCESS_VIOLATION (0xc0000005) at pc=0x00007ffb2c20b575, pid=24736, tid=23832
#
# JRE version: Java(TM) SE Runtime Environment (22.0.2+9) (build 22.0.2+9-70)
# Java VM: Java HotSpot(TM) 64-Bit Server VM (22.0.2+9-70, mixed mode, sharing, tiered, compressed oops, compressed class ptrs, g1 gc, windows-amd64)
# Problematic frame:
# C  [nvd3dumx.dll+0xafb575]
#
# No core dump will be written. Minidumps are not enabled by default on client versions of Windows
#
# If you would like to submit a bug report, please visit:
#   https://bugreport.java.com/bugreport/crash.jsp
# The crash happened outside the Java Virtual Machine in native code.
# See problematic frame for where to report the bug.
#

---------------  S U M M A R Y ------------

Command Line: -Dfile.encoding=UTF-8 -Dstdout.encoding=UTF-8 -Dstderr.encoding=UTF-8 --module-path=C:\Users\benbu\eclipse-workspace\StajyerTakipProgramý\bin;C:\Users\benbu\eclipse-workspace\StajyerTakipProgramý\jcalendar-1.4.jar;C:\Users\benbu\eclipse-workspace\StajyerTakipProgramý\postgresql-42.7.3.jar;C:\Users\benbu\eclipse-workspace\StajyerTakipProgramý\swingx-1.6.1.jar -XX:+ShowCodeDetailsInExceptionMessages -Djdk.module.main=StajyerTakipProgramý StajyerTakipProgramý/ViewPackages.Login

Host: 12th Gen Intel(R) Core(TM) i7-12700H, 20 cores, 15G,  Windows 11 , 64 bit Build 22621 (10.0.22621.3672)
Time: Thu Aug  8 15:25:52 2024 Türkiye Standart Saati elapsed time: 0.410161 seconds (0d 0h 0m 0s)

---------------  T H R E A D  ---------------

Current thread (0x000001b122cdf990):  JavaThread "AWT-Windows" daemon [_thread_in_native, id=23832, stack(0x0000005e09a00000,0x0000005e09b00000) (1024K)]

Stack: [0x0000005e09a00000,0x0000005e09b00000],  sp=0x0000005e09afb810,  free space=1006k
Native frames: (J=compiled Java code, j=interpreted, Vv=VM code, C=native code)
C  [nvd3dumx.dll+0xafb575]  (no source info available)

Java frames: (J=compiled Java code, j=interpreted, Vv=VM code)
j  sun.java2d.d3d.D3DGraphicsDevice.getDeviceCapsNative(I)I+0 java.desktop@22.0.2
j  sun.java2d.d3d.D3DGraphicsDevice$1.run()V+8 java.desktop@22.0.2
v  ~StubRoutines::call_stub 0x000001b11226100d
j  sun.awt.windows.WToolkit.eventLoop()V+0 java.desktop@22.0.2
j  sun.awt.windows.WToolkit.run()V+50 java.desktop@22.0.2
j  java.lang.Thread.runWith(Ljava/lang/Object;Ljava/lang/Runnable;)V+5 java.base@22.0.2
j  java.lang.Thread.run()V+19 java.base@22.0.2
v  ~StubRoutines::call_stub 0x000001b11226100d

siginfo: EXCEPTION_ACCESS_VIOLATION (0xc0000005), reading address 0x0000000000000004


Registers:
RAX=0x0000000000000000, RBX=0x0000005e09afb8e0, RCX=0x0000000000000000, RDX=0x000001b100700000
RSP=0x0000005e09afb810, RBP=0x000001b16c1d9748, RSI=0x0000000000000000, RDI=0x000001b16c1d9a88
R8 =0x0000000300000052, R9 =0x0000000000000001, R10=0x000001b100803c00, R11=0x0000005e09afb2f0
R12=0x000001b1686a3900, R13=0x0000000080000009, R14=0x0000005e09afb890, R15=0x000001b1686a3948
RIP=0x00007ffb2c20b575, EFLAGS=0x0000000000010246


Register to memory mapping:

RAX=0x0 is null
RBX=0x0000005e09afb8e0 is pointing into the stack for thread: 0x000001b122cdf990
RCX=0x0 is null
RDX=0x000001b100700000 points into unknown readable memory: 0x0000000000000000 | 00 00 00 00 00 00 00 00
RSP=0x0000005e09afb810 is pointing into the stack for thread: 0x000001b122cdf990
RBP=0x000001b16c1d9748 points into unknown readable memory: 0x0000000400000000 | 00 00 00 00 04 00 00 00
RSI=0x0 is null
RDI=0x000001b16c1d9a88 points into unknown readable memory: 0x0000000000000000 | 00 00 00 00 00 00 00 00
R8 =0x0000000300000052 is an unknown value
R9 =0x0000000000000001 is an unknown value
R10=0x000001b100803c00 points into unknown readable memory: 0x000001b100800cc0 | c0 0c 80 00 b1 01 00 00
R11=0x0000005e09afb2f0 is pointing into the stack for thread: 0x000001b122cdf990
R12=0x000001b1686a3900 points into unknown readable memory: 0x0040000000000000 | 00 00 00 00 00 00 40 00
R13=0x0000000080000009 is an unknown value
R14=0x0000005e09afb890 is pointing into the stack for thread: 0x000001b122cdf990
R15=0x000001b1686a3948 points into unknown readable memory: 0x000001b16c163800 | 00 38 16 6c b1 01 00 00

Top of Stack: (sp=0x0000005e09afb810)
0x0000005e09afb810:   0000000000000000 00007ffc00000000
0x0000005e09afb820:   000001b16c1d9748 0000000000000000
0x0000005e09afb830:   000001b16c1d9748 00007ffc486548d2
0x0000005e09afb840:   0000000000004000 000001b16c1d9a88
0x0000005e09afb850:   000001b16c1f53a0 00007ffb2c20afc7
0x0000005e09afb860:   000001b16814c030 0000005e09afb960
0x0000005e09afb870:   000001b168417d30 00007ffb2cc6e600
0x0000005e09afb880:   0000000000000001 000001b16c1d81d0
0x0000005e09afb890:   0000000000000000 000001b16814c030
0x0000005e09afb8a0:   0000000000000000 0000000000000000
0x0000005e09afb8b0:   0000000000000000 0000000000000000
0x0000005e09afb8c0:   0000000000000000 0000000000000000
0x0000005e09afb8d0:   0000000000000000 000001b16c163510
0x0000005e09afb8e0:   0000000000000000 000001b16814c030
0x0000005e09afb8f0:   000001b16814c030 0000000000000000
0x0000005e09afb900:   0000000000000000 0000001200000010
0x0000005e09afb910:   000001b16c1d9748 000001b16c1d9808
0x0000005e09afb920:   000001b16c1d9938 000001b16c1d99b8
0x0000005e09afb930:   00000000ffffffff 0000000000000000
0x0000005e09afb940:   0000000000000000 0000000000000000
0x0000005e09afb950:   0000000000000000 0000400000000000
0x0000005e09afb960:   0000000000000004 00007ffb2c11cd30
0x0000005e09afb970:   00007ffb2c11cd20 0000000000000000
0x0000005e09afb980:   0000000000000000 0000000000000000
0x0000005e09afb990:   0000000000000000 0000000000000000
0x0000005e09afb9a0:   0000000000000000 0000000000000000
0x0000005e09afb9b0:   0000000000000000 0000000000000000
0x0000005e09afb9c0:   0000000000000000 000001b168417d30
0x0000005e09afb9d0:   0000000000000000 0000000000000000
0x0000005e09afb9e0:   3210321032103210 3210321032103210
0x0000005e09afb9f0:   3210321032103210 3210321032103210
0x0000005e09afba00:   0000000000000000 0000000000000000 

Instructions: (pc=0x00007ffb2c20b575)
0x00007ffb2c20b475:   48 8b 8f 80 01 00 00 d0 ea 80 e2 01 48 89 44 24
0x00007ffb2c20b485:   20 e8 d5 c7 ff ff f6 87 9c 00 00 00 02 74 38 8b
0x00007ffb2c20b495:   43 54 48 8d 0c 40 48 8b 43 58 c7 04 88 01 03 00
0x00007ffb2c20b4a5:   00 8b 43 54 48 8d 0c 40 48 8b 43 58 c7 44 88 04
0x00007ffb2c20b4b5:   01 00 00 00 8b 43 54 48 8d 0c 40 48 8b 43 58 c6
0x00007ffb2c20b4c5:   44 88 08 04 ff 43 54 4c 8b cb 48 89 6c 24 20 4c
0x00007ffb2c20b4d5:   8b c7 49 8b d6 48 8b ce e8 2e fb ff ff 0f b6 f0
0x00007ffb2c20b4e5:   84 c0 75 49 48 89 bb f0 04 00 00 4c 8b c5 48 8b
0x00007ffb2c20b4f5:   83 e8 00 00 00 48 8b d3 49 8b ce 40 88 b0 e4 00
0x00007ffb2c20b505:   00 00 48 8b 83 e8 00 00 00 40 88 b0 e5 00 00 00
0x00007ffb2c20b515:   48 8b 83 e8 00 00 00 c7 40 48 07 00 00 00 e8 78
0x00007ffb2c20b525:   d1 ff ff 85 c0 40 0f 95 c6 85 c0 74 3f 48 8b 4f
0x00007ffb2c20b535:   30 0f b6 97 9c 00 00 00 4c 8b 8f 88 01 00 00 4c
0x00007ffb2c20b545:   8b 87 80 01 00 00 48 8b 49 08 d0 ea 80 e2 01 e8
0x00007ffb2c20b555:   87 c5 ff ff 48 8b 4f 10 48 8b 05 24 41 4a 01 8b
0x00007ffb2c20b565:   51 04 48 8b 49 08 ff d0 48 89 47 50 48 8b 47 10
0x00007ffb2c20b575:   8b 58 04 49 8b 07 f7 80 90 01 00 00 00 00 1c 00
0x00007ffb2c20b585:   74 76 f6 05 06 a1 46 01 01 74 4a 83 3d f5 a0 46
0x00007ffb2c20b595:   01 00 75 10 48 8d 0d d0 a0 46 01 e8 3b 52 f9 ff
0x00007ffb2c20b5a5:   84 c0 74 31 44 8b 05 d0 a0 46 01 33 c0 4c 8b 0d
0x00007ffb2c20b5b5:   bf a0 46 01 45 85 c0 74 1c 66 90 48 8d 14 40 41
0x00007ffb2c20b5c5:   81 7c d1 04 7a 8c 6a 10 49 8d 0c d1 74 25 ff c0
0x00007ffb2c20b5d5:   41 3b c0 72 e6 b9 00 40 00 00 81 c1 ff 00 00 00
0x00007ffb2c20b5e5:   8d 83 ff 00 00 00 c1 e9 08 c1 e8 08 3b c8 0f 42
0x00007ffb2c20b5f5:   c1 eb 07 8b 49 10 eb e2 33 c0 48 8b 5c 24 50 48
0x00007ffb2c20b605:   8b 6c 24 58 89 87 84 02 00 00 40 0f b6 c6 48 8b
0x00007ffb2c20b615:   74 24 60 48 83 c4 30 41 5f 41 5e 5f c3 cc cc cc
0x00007ffb2c20b625:   cc cc cc cc cc cc cc cc cc cc cc 48 89 5c 24 08
0x00007ffb2c20b635:   48 89 6c 24 10 48 89 74 24 18 57 48 83 ec 20 33
0x00007ffb2c20b645:   f6 c7 82 c8 37 00 00 02 00 00 00 48 89 b2 c0 37
0x00007ffb2c20b655:   00 00 bd ff ff 00 00 89 aa 04 3a 00 00 48 8b fa
0x00007ffb2c20b665:   c7 82 d0 37 00 00 00 00 80 3f 48 8b d9 c7 82 d4 


Stack slot to memory mapping:

stack at sp + 0 slots: 0x0 is null
stack at sp + 1 slots: 0x00007ffc00000000 nvgpucomp64.dll
stack at sp + 2 slots: 0x000001b16c1d9748 points into unknown readable memory: 0x0000000400000000 | 00 00 00 00 04 00 00 00
stack at sp + 3 slots: 0x0 is null
stack at sp + 4 slots: 0x000001b16c1d9748 points into unknown readable memory: 0x0000000400000000 | 00 00 00 00 04 00 00 00
stack at sp + 5 slots: 0x00007ffc486548d2 ntdll.dll
stack at sp + 6 slots: 0x0000000000004000 is an unknown value
stack at sp + 7 slots: 0x000001b16c1d9a88 points into unknown readable memory: 0x0000000000000000 | 00 00 00 00 00 00 00 00


---------------  P R O C E S S  ---------------

Threads class SMR info:
_java_thread_list=0x000001b16c13a4e0, length=18, elements={
0x000001b122a2f320, 0x000001b122a2ffe0, 0x000001b122a322b0, 0x000001b122a34fa0,
0x000001b122a37620, 0x000001b122a3b190, 0x000001b122a3df40, 0x000001b122a47620,
0x000001b122c13210, 0x000001b122c13ae0, 0x000001b122cdf300, 0x000001b122da1da0,
0x000001b122ce13d0, 0x000001b122ce06b0, 0x000001b122cddf50, 0x000001b122cdf990,
0x000001b122cde5e0, 0x000001b122ce0d40
}

Java Threads: ( => current thread )
  0x000001b122a2f320 JavaThread "Reference Handler"          daemon [_thread_blocked, id=5412, stack(0x0000005e08a00000,0x0000005e08b00000) (1024K)]
  0x000001b122a2ffe0 JavaThread "Finalizer"                  daemon [_thread_blocked, id=29548, stack(0x0000005e08b00000,0x0000005e08c00000) (1024K)]
  0x000001b122a322b0 JavaThread "Signal Dispatcher"          daemon [_thread_blocked, id=8748, stack(0x0000005e08c00000,0x0000005e08d00000) (1024K)]
  0x000001b122a34fa0 JavaThread "Attach Listener"            daemon [_thread_blocked, id=16224, stack(0x0000005e08d00000,0x0000005e08e00000) (1024K)]
  0x000001b122a37620 JavaThread "Service Thread"             daemon [_thread_blocked, id=17896, stack(0x0000005e08e00000,0x0000005e08f00000) (1024K)]
  0x000001b122a3b190 JavaThread "Monitor Deflation Thread"   daemon [_thread_blocked, id=2528, stack(0x0000005e08f00000,0x0000005e09000000) (1024K)]
  0x000001b122a3df40 JavaThread "C2 CompilerThread0"         daemon [_thread_blocked, id=30156, stack(0x0000005e09000000,0x0000005e09100000) (1024K)]
  0x000001b122a47620 JavaThread "C1 CompilerThread0"         daemon [_thread_blocked, id=25584, stack(0x0000005e09100000,0x0000005e09200000) (1024K)]
  0x000001b122c13210 JavaThread "C1 CompilerThread1"         daemon [_thread_blocked, id=29164, stack(0x0000005e09200000,0x0000005e09300000) (1024K)]
  0x000001b122c13ae0 JavaThread "C1 CompilerThread2"         daemon [_thread_blocked, id=6472, stack(0x0000005e09300000,0x0000005e09400000) (1024K)]
  0x000001b122cdf300 JavaThread "Common-Cleaner"             daemon [_thread_blocked, id=26580, stack(0x0000005e09400000,0x0000005e09500000) (1024K)]
  0x000001b122da1da0 JavaThread "C1 CompilerThread3"         daemon [_thread_blocked, id=27492, stack(0x0000005e09500000,0x0000005e09600000) (1024K)]
  0x000001b122ce13d0 JavaThread "Notification Thread"        daemon [_thread_blocked, id=32184, stack(0x0000005e09700000,0x0000005e09800000) (1024K)]
  0x000001b122ce06b0 JavaThread "Java2D Disposer"            daemon [_thread_blocked, id=23476, stack(0x0000005e09800000,0x0000005e09900000) (1024K)]
  0x000001b122cddf50 JavaThread "AWT-Shutdown"                      [_thread_blocked, id=7832, stack(0x0000005e09900000,0x0000005e09a00000) (1024K)]
=>0x000001b122cdf990 JavaThread "AWT-Windows"                daemon [_thread_in_native, id=23832, stack(0x0000005e09a00000,0x0000005e09b00000) (1024K)]
  0x000001b122cde5e0 JavaThread "AWT-EventQueue-0"                  [_thread_in_native, id=18784, stack(0x0000005e09b00000,0x0000005e09c00000) (1024K)]
  0x000001b122ce0d40 JavaThread "DestroyJavaVM"                     [_thread_blocked, id=18828, stack(0x0000005e08200000,0x0000005e08300000) (1024K)]
Total: 18

Other Threads:
  0x000001b122a11110 VMThread "VM Thread"                           [id=30968, stack(0x0000005e08900000,0x0000005e08a00000) (1024K)]
  0x000001b1229f6a40 WatcherThread "VM Periodic Task Thread"        [id=28744, stack(0x0000005e08800000,0x0000005e08900000) (1024K)]
  0x000001b102b252c0 WorkerThread "GC Thread#0"                     [id=11668, stack(0x0000005e08300000,0x0000005e08400000) (1024K)]
  0x000001b102b37790 ConcurrentGCThread "G1 Main Marker"            [id=31904, stack(0x0000005e08400000,0x0000005e08500000) (1024K)]
  0x000001b102b382a0 WorkerThread "G1 Conc#0"                       [id=8024, stack(0x0000005e08500000,0x0000005e08600000) (1024K)]
  0x000001b1228c3690 ConcurrentGCThread "G1 Refine#0"               [id=11700, stack(0x0000005e08600000,0x0000005e08700000) (1024K)]
  0x000001b1228c4210 ConcurrentGCThread "G1 Service"                [id=23652, stack(0x0000005e08700000,0x0000005e08800000) (1024K)]
Total: 7

Threads with active compile tasks:
Total: 0

VM state: not at safepoint (normal execution)

VM Mutex/Monitor currently owned by a thread: None

Heap address: 0x0000000704800000, size: 4024 MB, Compressed Oops mode: Zero based, Oop shift amount: 3

CDS archive(s) mapped at: [0x000001b123000000-0x000001b123c60000-0x000001b123c60000), size 12976128, SharedBaseAddress: 0x000001b123000000, ArchiveRelocationMode: 1.
Compressed class space mapped at: 0x000001b124000000-0x000001b164000000, reserved size: 1073741824
Narrow klass base: 0x000001b123000000, Narrow klass shift: 0, Narrow klass range: 0x41000000

GC Precious Log:
 CardTable entry size: 512
 Card Set container configuration: InlinePtr #cards 4 size 8 Array Of Cards #cards 16 size 48 Howl #buckets 8 coarsen threshold 3686 Howl Bitmap #cards 512 size 80 coarsen threshold 460 Card regions per heap region 1 cards per card region 4096
 CPUs: 20 total, 20 available
 Memory: 16088M
 Large Page Support: Disabled
 NUMA Support: Disabled
 Compressed Oops: Enabled (Zero based)
 Heap Region Size: 2M
 Heap Min Capacity: 8M
 Heap Initial Capacity: 252M
 Heap Max Capacity: 4024M
 Pre-touch: Disabled
 Parallel Workers: 15
 Concurrent Workers: 4
 Concurrent Refinement Workers: 15
 Periodic GC: Disabled

Heap:
 garbage-first heap   total reserved 4120576K, committed 258048K, used 8192K [0x0000000704800000, 0x0000000800000000)
  region size 2048K, 5 young (10240K), 0 survivors (0K)
 Metaspace       used 3638K, committed 3904K, reserved 1114112K
  class space    used 384K, committed 512K, reserved 1048576K

Heap Regions: E=young(eden), S=young(survivor), O=old, HS=humongous(starts), HC=humongous(continues), CS=collection set, F=free, TAMS=top-at-mark-start, PB=parsable bottom
|   0|0x0000000704800000, 0x0000000704800000, 0x0000000704a00000|  0%| F|  |TAMS 0x0000000704800000| PB 0x0000000704800000| Untracked |  0
|   1|0x0000000704a00000, 0x0000000704a00000, 0x0000000704c00000|  0%| F|  |TAMS 0x0000000704a00000| PB 0x0000000704a00000| Untracked |  0
|   2|0x0000000704c00000, 0x0000000704c00000, 0x0000000704e00000|  0%| F|  |TAMS 0x0000000704c00000| PB 0x0000000704c00000| Untracked |  0
|   3|0x0000000704e00000, 0x0000000704e00000, 0x0000000705000000|  0%| F|  |TAMS 0x0000000704e00000| PB 0x0000000704e00000| Untracked |  0
|   4|0x0000000705000000, 0x0000000705000000, 0x0000000705200000|  0%| F|  |TAMS 0x0000000705000000| PB 0x0000000705000000| Untracked |  0
|   5|0x0000000705200000, 0x0000000705200000, 0x0000000705400000|  0%| F|  |TAMS 0x0000000705200000| PB 0x0000000705200000| Untracked |  0
|   6|0x0000000705400000, 0x0000000705400000, 0x0000000705600000|  0%| F|  |TAMS 0x0000000705400000| PB 0x0000000705400000| Untracked |  0
|   7|0x0000000705600000, 0x0000000705600000, 0x0000000705800000|  0%| F|  |TAMS 0x0000000705600000| PB 0x0000000705600000| Untracked |  0
|   8|0x0000000705800000, 0x0000000705800000, 0x0000000705a00000|  0%| F|  |TAMS 0x0000000705800000| PB 0x0000000705800000| Untracked |  0
|   9|0x0000000705a00000, 0x0000000705a00000, 0x0000000705c00000|  0%| F|  |TAMS 0x0000000705a00000| PB 0x0000000705a00000| Untracked |  0
|  10|0x0000000705c00000, 0x0000000705c00000, 0x0000000705e00000|  0%| F|  |TAMS 0x0000000705c00000| PB 0x0000000705c00000| Untracked |  0
|  11|0x0000000705e00000, 0x0000000705e00000, 0x0000000706000000|  0%| F|  |TAMS 0x0000000705e00000| PB 0x0000000705e00000| Untracked |  0
|  12|0x0000000706000000, 0x0000000706000000, 0x0000000706200000|  0%| F|  |TAMS 0x0000000706000000| PB 0x0000000706000000| Untracked |  0
|  13|0x0000000706200000, 0x0000000706200000, 0x0000000706400000|  0%| F|  |TAMS 0x0000000706200000| PB 0x0000000706200000| Untracked |  0
|  14|0x0000000706400000, 0x0000000706400000, 0x0000000706600000|  0%| F|  |TAMS 0x0000000706400000| PB 0x0000000706400000| Untracked |  0
|  15|0x0000000706600000, 0x0000000706600000, 0x0000000706800000|  0%| F|  |TAMS 0x0000000706600000| PB 0x0000000706600000| Untracked |  0
|  16|0x0000000706800000, 0x0000000706800000, 0x0000000706a00000|  0%| F|  |TAMS 0x0000000706800000| PB 0x0000000706800000| Untracked |  0
|  17|0x0000000706a00000, 0x0000000706a00000, 0x0000000706c00000|  0%| F|  |TAMS 0x0000000706a00000| PB 0x0000000706a00000| Untracked |  0
|  18|0x0000000706c00000, 0x0000000706c00000, 0x0000000706e00000|  0%| F|  |TAMS 0x0000000706c00000| PB 0x0000000706c00000| Untracked |  0
|  19|0x0000000706e00000, 0x0000000706e00000, 0x0000000707000000|  0%| F|  |TAMS 0x0000000706e00000| PB 0x0000000706e00000| Untracked |  0
|  20|0x0000000707000000, 0x0000000707000000, 0x0000000707200000|  0%| F|  |TAMS 0x0000000707000000| PB 0x0000000707000000| Untracked |  0
|  21|0x0000000707200000, 0x0000000707200000, 0x0000000707400000|  0%| F|  |TAMS 0x0000000707200000| PB 0x0000000707200000| Untracked |  0
|  22|0x0000000707400000, 0x0000000707400000, 0x0000000707600000|  0%| F|  |TAMS 0x0000000707400000| PB 0x0000000707400000| Untracked |  0
|  23|0x0000000707600000, 0x0000000707600000, 0x0000000707800000|  0%| F|  |TAMS 0x0000000707600000| PB 0x0000000707600000| Untracked |  0
|  24|0x0000000707800000, 0x0000000707800000, 0x0000000707a00000|  0%| F|  |TAMS 0x0000000707800000| PB 0x0000000707800000| Untracked |  0
|  25|0x0000000707a00000, 0x0000000707a00000, 0x0000000707c00000|  0%| F|  |TAMS 0x0000000707a00000| PB 0x0000000707a00000| Untracked |  0
|  26|0x0000000707c00000, 0x0000000707c00000, 0x0000000707e00000|  0%| F|  |TAMS 0x0000000707c00000| PB 0x0000000707c00000| Untracked |  0
|  27|0x0000000707e00000, 0x0000000707e00000, 0x0000000708000000|  0%| F|  |TAMS 0x0000000707e00000| PB 0x0000000707e00000| Untracked |  0
|  28|0x0000000708000000, 0x0000000708000000, 0x0000000708200000|  0%| F|  |TAMS 0x0000000708000000| PB 0x0000000708000000| Untracked |  0
|  29|0x0000000708200000, 0x0000000708200000, 0x0000000708400000|  0%| F|  |TAMS 0x0000000708200000| PB 0x0000000708200000| Untracked |  0
|  30|0x0000000708400000, 0x0000000708400000, 0x0000000708600000|  0%| F|  |TAMS 0x0000000708400000| PB 0x0000000708400000| Untracked |  0
|  31|0x0000000708600000, 0x0000000708600000, 0x0000000708800000|  0%| F|  |TAMS 0x0000000708600000| PB 0x0000000708600000| Untracked |  0
|  32|0x0000000708800000, 0x0000000708800000, 0x0000000708a00000|  0%| F|  |TAMS 0x0000000708800000| PB 0x0000000708800000| Untracked |  0
|  33|0x0000000708a00000, 0x0000000708a00000, 0x0000000708c00000|  0%| F|  |TAMS 0x0000000708a00000| PB 0x0000000708a00000| Untracked |  0
|  34|0x0000000708c00000, 0x0000000708c00000, 0x0000000708e00000|  0%| F|  |TAMS 0x0000000708c00000| PB 0x0000000708c00000| Untracked |  0
|  35|0x0000000708e00000, 0x0000000708e00000, 0x0000000709000000|  0%| F|  |TAMS 0x0000000708e00000| PB 0x0000000708e00000| Untracked |  0
|  36|0x0000000709000000, 0x0000000709000000, 0x0000000709200000|  0%| F|  |TAMS 0x0000000709000000| PB 0x0000000709000000| Untracked |  0
|  37|0x0000000709200000, 0x0000000709200000, 0x0000000709400000|  0%| F|  |TAMS 0x0000000709200000| PB 0x0000000709200000| Untracked |  0
|  38|0x0000000709400000, 0x0000000709400000, 0x0000000709600000|  0%| F|  |TAMS 0x0000000709400000| PB 0x0000000709400000| Untracked |  0
|  39|0x0000000709600000, 0x0000000709600000, 0x0000000709800000|  0%| F|  |TAMS 0x0000000709600000| PB 0x0000000709600000| Untracked |  0
|  40|0x0000000709800000, 0x0000000709800000, 0x0000000709a00000|  0%| F|  |TAMS 0x0000000709800000| PB 0x0000000709800000| Untracked |  0
|  41|0x0000000709a00000, 0x0000000709a00000, 0x0000000709c00000|  0%| F|  |TAMS 0x0000000709a00000| PB 0x0000000709a00000| Untracked |  0
|  42|0x0000000709c00000, 0x0000000709c00000, 0x0000000709e00000|  0%| F|  |TAMS 0x0000000709c00000| PB 0x0000000709c00000| Untracked |  0
|  43|0x0000000709e00000, 0x0000000709e00000, 0x000000070a000000|  0%| F|  |TAMS 0x0000000709e00000| PB 0x0000000709e00000| Untracked |  0
|  44|0x000000070a000000, 0x000000070a000000, 0x000000070a200000|  0%| F|  |TAMS 0x000000070a000000| PB 0x000000070a000000| Untracked |  0
|  45|0x000000070a200000, 0x000000070a200000, 0x000000070a400000|  0%| F|  |TAMS 0x000000070a200000| PB 0x000000070a200000| Untracked |  0
|  46|0x000000070a400000, 0x000000070a400000, 0x000000070a600000|  0%| F|  |TAMS 0x000000070a400000| PB 0x000000070a400000| Untracked |  0
|  47|0x000000070a600000, 0x000000070a600000, 0x000000070a800000|  0%| F|  |TAMS 0x000000070a600000| PB 0x000000070a600000| Untracked |  0
|  48|0x000000070a800000, 0x000000070a800000, 0x000000070aa00000|  0%| F|  |TAMS 0x000000070a800000| PB 0x000000070a800000| Untracked |  0
|  49|0x000000070aa00000, 0x000000070aa00000, 0x000000070ac00000|  0%| F|  |TAMS 0x000000070aa00000| PB 0x000000070aa00000| Untracked |  0
|  50|0x000000070ac00000, 0x000000070ac00000, 0x000000070ae00000|  0%| F|  |TAMS 0x000000070ac00000| PB 0x000000070ac00000| Untracked |  0
|  51|0x000000070ae00000, 0x000000070ae00000, 0x000000070b000000|  0%| F|  |TAMS 0x000000070ae00000| PB 0x000000070ae00000| Untracked |  0
|  52|0x000000070b000000, 0x000000070b000000, 0x000000070b200000|  0%| F|  |TAMS 0x000000070b000000| PB 0x000000070b000000| Untracked |  0
|  53|0x000000070b200000, 0x000000070b200000, 0x000000070b400000|  0%| F|  |TAMS 0x000000070b200000| PB 0x000000070b200000| Untracked |  0
|  54|0x000000070b400000, 0x000000070b400000, 0x000000070b600000|  0%| F|  |TAMS 0x000000070b400000| PB 0x000000070b400000| Untracked |  0
|  55|0x000000070b600000, 0x000000070b600000, 0x000000070b800000|  0%| F|  |TAMS 0x000000070b600000| PB 0x000000070b600000| Untracked |  0
|  56|0x000000070b800000, 0x000000070b800000, 0x000000070ba00000|  0%| F|  |TAMS 0x000000070b800000| PB 0x000000070b800000| Untracked |  0
|  57|0x000000070ba00000, 0x000000070ba00000, 0x000000070bc00000|  0%| F|  |TAMS 0x000000070ba00000| PB 0x000000070ba00000| Untracked |  0
|  58|0x000000070bc00000, 0x000000070bc00000, 0x000000070be00000|  0%| F|  |TAMS 0x000000070bc00000| PB 0x000000070bc00000| Untracked |  0
|  59|0x000000070be00000, 0x000000070be00000, 0x000000070c000000|  0%| F|  |TAMS 0x000000070be00000| PB 0x000000070be00000| Untracked |  0
|  60|0x000000070c000000, 0x000000070c000000, 0x000000070c200000|  0%| F|  |TAMS 0x000000070c000000| PB 0x000000070c000000| Untracked |  0
|  61|0x000000070c200000, 0x000000070c200000, 0x000000070c400000|  0%| F|  |TAMS 0x000000070c200000| PB 0x000000070c200000| Untracked |  0
|  62|0x000000070c400000, 0x000000070c400000, 0x000000070c600000|  0%| F|  |TAMS 0x000000070c400000| PB 0x000000070c400000| Untracked |  0
|  63|0x000000070c600000, 0x000000070c600000, 0x000000070c800000|  0%| F|  |TAMS 0x000000070c600000| PB 0x000000070c600000| Untracked |  0
|  64|0x000000070c800000, 0x000000070c800000, 0x000000070ca00000|  0%| F|  |TAMS 0x000000070c800000| PB 0x000000070c800000| Untracked |  0
|  65|0x000000070ca00000, 0x000000070ca00000, 0x000000070cc00000|  0%| F|  |TAMS 0x000000070ca00000| PB 0x000000070ca00000| Untracked |  0
|  66|0x000000070cc00000, 0x000000070cc00000, 0x000000070ce00000|  0%| F|  |TAMS 0x000000070cc00000| PB 0x000000070cc00000| Untracked |  0
|  67|0x000000070ce00000, 0x000000070ce00000, 0x000000070d000000|  0%| F|  |TAMS 0x000000070ce00000| PB 0x000000070ce00000| Untracked |  0
|  68|0x000000070d000000, 0x000000070d000000, 0x000000070d200000|  0%| F|  |TAMS 0x000000070d000000| PB 0x000000070d000000| Untracked |  0
|  69|0x000000070d200000, 0x000000070d200000, 0x000000070d400000|  0%| F|  |TAMS 0x000000070d200000| PB 0x000000070d200000| Untracked |  0
|  70|0x000000070d400000, 0x000000070d400000, 0x000000070d600000|  0%| F|  |TAMS 0x000000070d400000| PB 0x000000070d400000| Untracked |  0
|  71|0x000000070d600000, 0x000000070d600000, 0x000000070d800000|  0%| F|  |TAMS 0x000000070d600000| PB 0x000000070d600000| Untracked |  0
|  72|0x000000070d800000, 0x000000070d800000, 0x000000070da00000|  0%| F|  |TAMS 0x000000070d800000| PB 0x000000070d800000| Untracked |  0
|  73|0x000000070da00000, 0x000000070da00000, 0x000000070dc00000|  0%| F|  |TAMS 0x000000070da00000| PB 0x000000070da00000| Untracked |  0
|  74|0x000000070dc00000, 0x000000070dc00000, 0x000000070de00000|  0%| F|  |TAMS 0x000000070dc00000| PB 0x000000070dc00000| Untracked |  0
|  75|0x000000070de00000, 0x000000070de00000, 0x000000070e000000|  0%| F|  |TAMS 0x000000070de00000| PB 0x000000070de00000| Untracked |  0
|  76|0x000000070e000000, 0x000000070e000000, 0x000000070e200000|  0%| F|  |TAMS 0x000000070e000000| PB 0x000000070e000000| Untracked |  0
|  77|0x000000070e200000, 0x000000070e200000, 0x000000070e400000|  0%| F|  |TAMS 0x000000070e200000| PB 0x000000070e200000| Untracked |  0
|  78|0x000000070e400000, 0x000000070e400000, 0x000000070e600000|  0%| F|  |TAMS 0x000000070e400000| PB 0x000000070e400000| Untracked |  0
|  79|0x000000070e600000, 0x000000070e600000, 0x000000070e800000|  0%| F|  |TAMS 0x000000070e600000| PB 0x000000070e600000| Untracked |  0
|  80|0x000000070e800000, 0x000000070e800000, 0x000000070ea00000|  0%| F|  |TAMS 0x000000070e800000| PB 0x000000070e800000| Untracked |  0
|  81|0x000000070ea00000, 0x000000070ea00000, 0x000000070ec00000|  0%| F|  |TAMS 0x000000070ea00000| PB 0x000000070ea00000| Untracked |  0
|  82|0x000000070ec00000, 0x000000070ec00000, 0x000000070ee00000|  0%| F|  |TAMS 0x000000070ec00000| PB 0x000000070ec00000| Untracked |  0
|  83|0x000000070ee00000, 0x000000070ee00000, 0x000000070f000000|  0%| F|  |TAMS 0x000000070ee00000| PB 0x000000070ee00000| Untracked |  0
|  84|0x000000070f000000, 0x000000070f000000, 0x000000070f200000|  0%| F|  |TAMS 0x000000070f000000| PB 0x000000070f000000| Untracked |  0
|  85|0x000000070f200000, 0x000000070f200000, 0x000000070f400000|  0%| F|  |TAMS 0x000000070f200000| PB 0x000000070f200000| Untracked |  0
|  86|0x000000070f400000, 0x000000070f400000, 0x000000070f600000|  0%| F|  |TAMS 0x000000070f400000| PB 0x000000070f400000| Untracked |  0
|  87|0x000000070f600000, 0x000000070f600000, 0x000000070f800000|  0%| F|  |TAMS 0x000000070f600000| PB 0x000000070f600000| Untracked |  0
|  88|0x000000070f800000, 0x000000070f800000, 0x000000070fa00000|  0%| F|  |TAMS 0x000000070f800000| PB 0x000000070f800000| Untracked |  0
|  89|0x000000070fa00000, 0x000000070fa00000, 0x000000070fc00000|  0%| F|  |TAMS 0x000000070fa00000| PB 0x000000070fa00000| Untracked |  0
|  90|0x000000070fc00000, 0x000000070fc00000, 0x000000070fe00000|  0%| F|  |TAMS 0x000000070fc00000| PB 0x000000070fc00000| Untracked |  0
|  91|0x000000070fe00000, 0x000000070fe00000, 0x0000000710000000|  0%| F|  |TAMS 0x000000070fe00000| PB 0x000000070fe00000| Untracked |  0
|  92|0x0000000710000000, 0x0000000710000000, 0x0000000710200000|  0%| F|  |TAMS 0x0000000710000000| PB 0x0000000710000000| Untracked |  0
|  93|0x0000000710200000, 0x0000000710200000, 0x0000000710400000|  0%| F|  |TAMS 0x0000000710200000| PB 0x0000000710200000| Untracked |  0
|  94|0x0000000710400000, 0x0000000710400000, 0x0000000710600000|  0%| F|  |TAMS 0x0000000710400000| PB 0x0000000710400000| Untracked |  0
|  95|0x0000000710600000, 0x0000000710600000, 0x0000000710800000|  0%| F|  |TAMS 0x0000000710600000| PB 0x0000000710600000| Untracked |  0
|  96|0x0000000710800000, 0x0000000710800000, 0x0000000710a00000|  0%| F|  |TAMS 0x0000000710800000| PB 0x0000000710800000| Untracked |  0
|  97|0x0000000710a00000, 0x0000000710a00000, 0x0000000710c00000|  0%| F|  |TAMS 0x0000000710a00000| PB 0x0000000710a00000| Untracked |  0
|  98|0x0000000710c00000, 0x0000000710c00000, 0x0000000710e00000|  0%| F|  |TAMS 0x0000000710c00000| PB 0x0000000710c00000| Untracked |  0
|  99|0x0000000710e00000, 0x0000000710e00000, 0x0000000711000000|  0%| F|  |TAMS 0x0000000710e00000| PB 0x0000000710e00000| Untracked |  0
| 100|0x0000000711000000, 0x0000000711000000, 0x0000000711200000|  0%| F|  |TAMS 0x0000000711000000| PB 0x0000000711000000| Untracked |  0
| 101|0x0000000711200000, 0x0000000711200000, 0x0000000711400000|  0%| F|  |TAMS 0x0000000711200000| PB 0x0000000711200000| Untracked |  0
| 102|0x0000000711400000, 0x0000000711400000, 0x0000000711600000|  0%| F|  |TAMS 0x0000000711400000| PB 0x0000000711400000| Untracked |  0
| 103|0x0000000711600000, 0x0000000711600000, 0x0000000711800000|  0%| F|  |TAMS 0x0000000711600000| PB 0x0000000711600000| Untracked |  0
| 104|0x0000000711800000, 0x0000000711800000, 0x0000000711a00000|  0%| F|  |TAMS 0x0000000711800000| PB 0x0000000711800000| Untracked |  0
| 105|0x0000000711a00000, 0x0000000711a00000, 0x0000000711c00000|  0%| F|  |TAMS 0x0000000711a00000| PB 0x0000000711a00000| Untracked |  0
| 106|0x0000000711c00000, 0x0000000711c00000, 0x0000000711e00000|  0%| F|  |TAMS 0x0000000711c00000| PB 0x0000000711c00000| Untracked |  0
| 107|0x0000000711e00000, 0x0000000711e00000, 0x0000000712000000|  0%| F|  |TAMS 0x0000000711e00000| PB 0x0000000711e00000| Untracked |  0
| 108|0x0000000712000000, 0x0000000712000000, 0x0000000712200000|  0%| F|  |TAMS 0x0000000712000000| PB 0x0000000712000000| Untracked |  0
| 109|0x0000000712200000, 0x0000000712200000, 0x0000000712400000|  0%| F|  |TAMS 0x0000000712200000| PB 0x0000000712200000| Untracked |  0
| 110|0x0000000712400000, 0x0000000712400000, 0x0000000712600000|  0%| F|  |TAMS 0x0000000712400000| PB 0x0000000712400000| Untracked |  0
| 111|0x0000000712600000, 0x0000000712600000, 0x0000000712800000|  0%| F|  |TAMS 0x0000000712600000| PB 0x0000000712600000| Untracked |  0
| 112|0x0000000712800000, 0x0000000712800000, 0x0000000712a00000|  0%| F|  |TAMS 0x0000000712800000| PB 0x0000000712800000| Untracked |  0
| 113|0x0000000712a00000, 0x0000000712a00000, 0x0000000712c00000|  0%| F|  |TAMS 0x0000000712a00000| PB 0x0000000712a00000| Untracked |  0
| 114|0x0000000712c00000, 0x0000000712c00000, 0x0000000712e00000|  0%| F|  |TAMS 0x0000000712c00000| PB 0x0000000712c00000| Untracked |  0
| 115|0x0000000712e00000, 0x0000000712e00000, 0x0000000713000000|  0%| F|  |TAMS 0x0000000712e00000| PB 0x0000000712e00000| Untracked |  0
| 116|0x0000000713000000, 0x0000000713000000, 0x0000000713200000|  0%| F|  |TAMS 0x0000000713000000| PB 0x0000000713000000| Untracked |  0
| 117|0x0000000713200000, 0x0000000713200000, 0x0000000713400000|  0%| F|  |TAMS 0x0000000713200000| PB 0x0000000713200000| Untracked |  0
| 118|0x0000000713400000, 0x0000000713400000, 0x0000000713600000|  0%| F|  |TAMS 0x0000000713400000| PB 0x0000000713400000| Untracked |  0
| 119|0x0000000713600000, 0x0000000713600000, 0x0000000713800000|  0%| F|  |TAMS 0x0000000713600000| PB 0x0000000713600000| Untracked |  0
| 120|0x0000000713800000, 0x0000000713800000, 0x0000000713a00000|  0%| F|  |TAMS 0x0000000713800000| PB 0x0000000713800000| Untracked |  0
| 121|0x0000000713a00000, 0x0000000713beb9a8, 0x0000000713c00000| 96%| E|  |TAMS 0x0000000713a00000| PB 0x0000000713a00000| Complete |  0
| 122|0x0000000713c00000, 0x0000000713e00000, 0x0000000713e00000|100%| E|CS|TAMS 0x0000000713c00000| PB 0x0000000713c00000| Complete |  0
| 123|0x0000000713e00000, 0x0000000714000000, 0x0000000714000000|100%| E|CS|TAMS 0x0000000713e00000| PB 0x0000000713e00000| Complete |  0
| 124|0x0000000714000000, 0x0000000714200000, 0x0000000714200000|100%| E|CS|TAMS 0x0000000714000000| PB 0x0000000714000000| Complete |  0
| 125|0x0000000714200000, 0x0000000714400000, 0x0000000714400000|100%| E|CS|TAMS 0x0000000714200000| PB 0x0000000714200000| Complete |  0

Card table byte_map: [0x000001b11b0a0000,0x000001b11b880000] _byte_map_base: 0x000001b11787c000

Marking Bits: (CMBitMap*) 0x000001b102b259d0
 Bits: [0x000001b11b880000, 0x000001b11f760000)

Polling page: 0x000001b100a90000

Metaspace:

Usage:
  Non-class:      3.18 MB used.
      Class:    384.84 KB used.
       Both:      3.55 MB used.

Virtual space:
  Non-class space:       64.00 MB reserved,       3.31 MB (  5%) committed,  1 nodes.
      Class space:        1.00 GB reserved,     512.00 KB ( <1%) committed,  1 nodes.
             Both:        1.06 GB reserved,       3.81 MB ( <1%) committed. 

Chunk freelists:
   Non-Class:  11.86 MB
       Class:  15.55 MB
        Both:  27.41 MB

MaxMetaspaceSize: unlimited
CompressedClassSpaceSize: 1.00 GB
Initial GC threshold: 21.00 MB
Current GC threshold: 21.00 MB
CDS: on
 - commit_granule_bytes: 65536.
 - commit_granule_words: 8192.
 - virtual_space_node_default_size: 8388608.
 - enlarge_chunks_in_place: 1.
 - use_allocation_guard: 0.


Internal statistics:

num_allocs_failed_limit: 0.
num_arena_births: 106.
num_arena_deaths: 0.
num_vsnodes_births: 2.
num_vsnodes_deaths: 0.
num_space_committed: 61.
num_space_uncommitted: 0.
num_chunks_returned_to_freelist: 0.
num_chunks_taken_from_freelist: 126.
num_chunk_merges: 0.
num_chunk_splits: 80.
num_chunks_enlarged: 37.
num_inconsistent_stats: 0.

CodeHeap 'non-profiled nmethods': size=119168Kb used=208Kb max_used=208Kb free=118959Kb
 bounds [0x000001b1129b0000, 0x000001b112c20000, 0x000001b119e10000]
CodeHeap 'profiled nmethods': size=119104Kb used=932Kb max_used=932Kb free=118171Kb
 bounds [0x000001b10ae10000, 0x000001b10b080000, 0x000001b112260000]
CodeHeap 'non-nmethods': size=7488Kb used=3100Kb max_used=3100Kb free=4387Kb
 bounds [0x000001b112260000, 0x000001b112570000, 0x000001b1129b0000]
 total_blobs=1166 nmethods=660 adapters=408
 compilation: enabled
              stopped_count=0, restarted_count=0
 full_count=0

Compilation events (20 events):
Event: 0.207 Thread 0x000001b122a47620  649       3       jdk.internal.org.objectweb.asm.Label::resolve (219 bytes)
Event: 0.207 Thread 0x000001b122a47620 nmethod 649 0x000001b10aef6010 code [0x000001b10aef61e0, 0x000001b10aef66d8]
Event: 0.214 Thread 0x000001b122da1da0  650       3       java.lang.invoke.MethodHandleNatives::refKindIsField (32 bytes)
Event: 0.214 Thread 0x000001b122a47620  651       3       java.lang.invoke.MethodHandles$Lookup::checkSymbolicClass (25 bytes)
Event: 0.214 Thread 0x000001b122da1da0 nmethod 650 0x000001b10aef6990 code [0x000001b10aef6b20, 0x000001b10aef6c70]
Event: 0.214 Thread 0x000001b122c13ae0  652       3       java.lang.StringBuilder::<init> (6 bytes)
Event: 0.214 Thread 0x000001b122a47620 nmethod 651 0x000001b10aef6d10 code [0x000001b10aef6ee0, 0x000001b10aef7160]
Event: 0.214 Thread 0x000001b122c13ae0 nmethod 652 0x000001b10aef7290 code [0x000001b10aef7440, 0x000001b10aef7578]
Event: 0.217 Thread 0x000001b122c13210  654       3       jdk.internal.ref.CleanerImpl::getCleanerImpl (13 bytes)
Event: 0.217 Thread 0x000001b122da1da0  655       3       java.lang.ref.Cleaner$1::apply (9 bytes)
Event: 0.217 Thread 0x000001b122c13ae0  656       3       java.lang.ref.Cleaner$1::apply (5 bytes)
Event: 0.217 Thread 0x000001b122c13ae0 nmethod 656 0x000001b10aef7610 code [0x000001b10aef77a0, 0x000001b10aef78b8]
Event: 0.217 Thread 0x000001b122c13210 nmethod 654 0x000001b10aef7990 code [0x000001b10aef7b40, 0x000001b10aef7de0]
Event: 0.217 Thread 0x000001b122da1da0 nmethod 655 0x000001b10aef7e90 code [0x000001b10aef8040, 0x000001b10aef8298]
Event: 0.220 Thread 0x000001b122da1da0  658       3       java.lang.ref.SoftReference::get (29 bytes)
Event: 0.220 Thread 0x000001b122da1da0 nmethod 658 0x000001b10aef8390 code [0x000001b10aef8520, 0x000001b10aef86e0]
Event: 0.396 Thread 0x000001b122c13210  659       3       java.lang.invoke.MethodTypeForm::cachedLambdaForm (23 bytes)
Event: 0.396 Thread 0x000001b122c13210 nmethod 659 0x000001b10aef8790 code [0x000001b10aef8940, 0x000001b10aef8c80]
Event: 0.396 Thread 0x000001b122c13210  660       3       java.lang.Class::getComponentType (14 bytes)
Event: 0.396 Thread 0x000001b122c13210 nmethod 660 0x000001b10aef8d90 code [0x000001b10aef8f40, 0x000001b10aef90f8]

GC Heap History (0 events):
No events

Dll operation events (7 events):
Event: 0.005 Loaded shared library C:\Program Files\Java\jdk-22\bin\java.dll
Event: 0.081 Loaded shared library C:\Program Files\Java\jdk-22\bin\jsvml.dll
Event: 0.099 Loaded shared library C:\Program Files\Java\jdk-22\bin\net.dll
Event: 0.101 Loaded shared library C:\Program Files\Java\jdk-22\bin\nio.dll
Event: 0.127 Loaded shared library C:\Program Files\Java\jdk-22\bin\zip.dll
Event: 0.157 Loaded shared library C:\Program Files\Java\jdk-22\bin\jimage.dll
Event: 0.172 Loaded shared library C:\Program Files\Java\jdk-22\bin\awt.dll

Deoptimization events (20 events):
Event: 0.171 Thread 0x000001b100735510 Uncommon trap: trap_request=0xffffffbe fr.pc=0x000001b1129ca084 relative=0x0000000000000a24
Event: 0.171 Thread 0x000001b100735510 Uncommon trap: reason=profile_predicate action=maybe_recompile pc=0x000001b1129ca084 method=jdk.internal.module.Checks.isJavaIdentifier(Ljava/lang/String;)Z @ 46 c2
Event: 0.171 Thread 0x000001b100735510 DEOPT PACKING pc=0x000001b1129ca084 sp=0x0000005e082fd2a0
Event: 0.171 Thread 0x000001b100735510 DEOPT UNPACKING pc=0x000001b1122b46a2 sp=0x0000005e082fd238 mode 2
Event: 0.190 Thread 0x000001b100735510 Uncommon trap: trap_request=0xffffffbe fr.pc=0x000001b1129de7a0 relative=0x0000000000000560
Event: 0.190 Thread 0x000001b100735510 Uncommon trap: reason=profile_predicate action=maybe_recompile pc=0x000001b1129de7a0 method=jdk.internal.org.objectweb.asm.ByteVector.putUTF8(Ljava/lang/String;)Ljdk/internal/org/objectweb/asm/ByteVector; @ 79 c2
Event: 0.190 Thread 0x000001b100735510 DEOPT PACKING pc=0x000001b1129de7a0 sp=0x0000005e082fe400
Event: 0.190 Thread 0x000001b100735510 DEOPT UNPACKING pc=0x000001b1122b46a2 sp=0x0000005e082fe380 mode 2
Event: 0.190 Thread 0x000001b100735510 Uncommon trap: trap_request=0xffffffbe fr.pc=0x000001b1129de7a0 relative=0x0000000000000560
Event: 0.190 Thread 0x000001b100735510 Uncommon trap: reason=profile_predicate action=maybe_recompile pc=0x000001b1129de7a0 method=jdk.internal.org.objectweb.asm.ByteVector.putUTF8(Ljava/lang/String;)Ljdk/internal/org/objectweb/asm/ByteVector; @ 79 c2
Event: 0.190 Thread 0x000001b100735510 DEOPT PACKING pc=0x000001b1129de7a0 sp=0x0000005e082fe470
Event: 0.190 Thread 0x000001b100735510 DEOPT UNPACKING pc=0x000001b1122b46a2 sp=0x0000005e082fe3f0 mode 2
Event: 0.190 Thread 0x000001b100735510 Uncommon trap: trap_request=0xffffffbe fr.pc=0x000001b1129de7a0 relative=0x0000000000000560
Event: 0.190 Thread 0x000001b100735510 Uncommon trap: reason=profile_predicate action=maybe_recompile pc=0x000001b1129de7a0 method=jdk.internal.org.objectweb.asm.ByteVector.putUTF8(Ljava/lang/String;)Ljdk/internal/org/objectweb/asm/ByteVector; @ 79 c2
Event: 0.190 Thread 0x000001b100735510 DEOPT PACKING pc=0x000001b1129de7a0 sp=0x0000005e082fe460
Event: 0.190 Thread 0x000001b100735510 DEOPT UNPACKING pc=0x000001b1122b46a2 sp=0x0000005e082fe3e0 mode 2
Event: 0.190 Thread 0x000001b100735510 Uncommon trap: trap_request=0xffffffbe fr.pc=0x000001b1129de7a0 relative=0x0000000000000560
Event: 0.190 Thread 0x000001b100735510 Uncommon trap: reason=profile_predicate action=maybe_recompile pc=0x000001b1129de7a0 method=jdk.internal.org.objectweb.asm.ByteVector.putUTF8(Ljava/lang/String;)Ljdk/internal/org/objectweb/asm/ByteVector; @ 79 c2
Event: 0.190 Thread 0x000001b100735510 DEOPT PACKING pc=0x000001b1129de7a0 sp=0x0000005e082fe430
Event: 0.190 Thread 0x000001b100735510 DEOPT UNPACKING pc=0x000001b1122b46a2 sp=0x0000005e082fe3b0 mode 2

Classes loaded (20 events):
Event: 0.292 Loading class sun/java2d/d3d/D3DRenderQueue
Event: 0.293 Loading class sun/java2d/pipe/RenderQueue
Event: 0.293 Loading class sun/java2d/pipe/RenderQueue done
Event: 0.293 Loading class sun/java2d/d3d/D3DRenderQueue done
Event: 0.293 Loading class sun/java2d/pipe/RenderBuffer
Event: 0.293 Loading class sun/java2d/pipe/RenderBuffer done
Event: 0.293 Loading class sun/java2d/d3d/D3DRenderQueue$1
Event: 0.293 Loading class sun/java2d/d3d/D3DRenderQueue$1 done
Event: 0.293 Loading class sun/java2d/d3d/D3DGraphicsDevice$1Result
Event: 0.293 Loading class sun/java2d/d3d/D3DGraphicsDevice$1Result done
Event: 0.293 Loading class sun/java2d/d3d/D3DGraphicsDevice$1
Event: 0.293 Loading class sun/java2d/d3d/D3DGraphicsDevice$1 done
Event: 0.395 Loading class sun/java2d/d3d/D3DContext$D3DContextCaps
Event: 0.395 Loading class sun/java2d/pipe/hw/ContextCapabilities
Event: 0.395 Loading class sun/java2d/pipe/hw/ContextCapabilities done
Event: 0.395 Loading class sun/java2d/d3d/D3DContext$D3DContextCaps done
Event: 0.396 Loading class sun/java2d/d3d/D3DContext
Event: 0.396 Loading class sun/java2d/pipe/BufferedContext
Event: 0.396 Loading class sun/java2d/pipe/BufferedContext done
Event: 0.396 Loading class sun/java2d/d3d/D3DContext done

Classes unloaded (0 events):
No events

Classes redefined (0 events):
No events

Internal exceptions (11 events):
Event: 0.109 Thread 0x000001b100735510 Exception <a 'java/lang/NoSuchMethodError'{0x000000071403bf60}: 'void java.lang.invoke.DirectMethodHandle$Holder.invokeVirtual(java.lang.Object, java.lang.Object)'> (0x000000071403bf60) 
thrown [s\open\src\hotspot\share\interpreter\linkResolver.cpp, line 774]
Event: 0.110 Thread 0x000001b100735510 Exception <a 'java/lang/NoSuchMethodError'{0x00000007140476e8}: 'java.lang.Object java.lang.invoke.DirectMethodHandle$Holder.invokeInterface(java.lang.Object, java.lang.Object, java.lang.Object)'> (0x00000007140476e8) 
thrown [s\open\src\hotspot\share\interpreter\linkResolver.cpp, line 774]
Event: 0.133 Thread 0x000001b100735510 Exception <a 'java/lang/NoSuchMethodError'{0x0000000713e5a1f0}: 'void java.lang.invoke.DirectMethodHandle$Holder.invokeSpecial(java.lang.Object, java.lang.Object, java.lang.Object)'> (0x0000000713e5a1f0) 
thrown [s\open\src\hotspot\share\interpreter\linkResolver.cpp, line 774]
Event: 0.139 Thread 0x000001b100735510 Exception <a 'java/lang/NoSuchMethodError'{0x0000000713f370d0}: 'void java.lang.invoke.DirectMethodHandle$Holder.invokeSpecial(java.lang.Object, java.lang.Object, java.lang.Object, java.lang.Object, java.lang.Object)'> (0x0000000713f370d0) 
thrown [s\open\src\hotspot\share\interpreter\linkResolver.cpp, line 774]
Event: 0.142 Thread 0x000001b100735510 Exception <a 'java/lang/NoSuchMethodError'{0x0000000713f4bcc8}: 'java.lang.Object java.lang.invoke.DirectMethodHandle$Holder.invokeInterface(java.lang.Object, java.lang.Object)'> (0x0000000713f4bcc8) 
thrown [s\open\src\hotspot\share\interpreter\linkResolver.cpp, line 774]
Event: 0.142 Thread 0x000001b100735510 Exception <a 'java/lang/IncompatibleClassChangeError'{0x0000000713f4ef40}: Found class java.lang.Object, but interface was expected> (0x0000000713f4ef40) 
thrown [s\open\src\hotspot\share\interpreter\linkResolver.cpp, line 841]
Event: 0.143 Thread 0x000001b100735510 Exception <a 'java/lang/NoSuchMethodError'{0x0000000713f51920}: 'void java.lang.invoke.DirectMethodHandle$Holder.invokeStatic(java.lang.Object, java.lang.Object, java.lang.Object, java.lang.Object)'> (0x0000000713f51920) 
thrown [s\open\src\hotspot\share\interpreter\linkResolver.cpp, line 774]
Event: 0.160 Thread 0x000001b100735510 Exception <a 'sun/nio/fs/WindowsException'{0x0000000713c68f68}> (0x0000000713c68f68) 
thrown [s\open\src\hotspot\share\prims\jni.cpp, line 520]
Event: 0.166 Thread 0x000001b100735510 Exception <a 'java/lang/ClassNotFoundException'{0x0000000713cbac18}: sun/awt/resources/spi/awtProvider> (0x0000000713cbac18) 
thrown [s\open\src\hotspot\share\classfile\systemDictionary.cpp, line 313]
Event: 0.180 Thread 0x000001b100735510 Exception <a 'java/io/FileNotFoundException'{0x0000000713d0cc90}> (0x0000000713d0cc90) 
thrown [s\open\src\hotspot\share\prims\jni.cpp, line 520]
Event: 0.184 Thread 0x000001b100735510 Exception <a 'java/io/FileNotFoundException'{0x0000000713d3b3f8}> (0x0000000713d3b3f8) 
thrown [s\open\src\hotspot\share\prims\jni.cpp, line 520]

ZGC Phase Switch (0 events):
No events

VM Operations (6 events):
Event: 0.120 Executing VM operation: HandshakeAllThreads (Deoptimize)
Event: 0.120 Executing VM operation: HandshakeAllThreads (Deoptimize) done
Event: 0.140 Executing VM operation: HandshakeAllThreads (Deoptimize)
Event: 0.140 Executing VM operation: HandshakeAllThreads (Deoptimize) done
Event: 0.190 Executing VM operation: HandshakeAllThreads (Deoptimize)
Event: 0.190 Executing VM operation: HandshakeAllThreads (Deoptimize) done

Memory protections (0 events):
No events

Nmethod flushes (0 events):
No events

Events (20 events):
Event: 0.079 Thread 0x000001b100735510 Thread added: 0x000001b122a2ffe0
Event: 0.079 Thread 0x000001b100735510 Thread added: 0x000001b122a322b0
Event: 0.079 Thread 0x000001b100735510 Thread added: 0x000001b122a34fa0
Event: 0.079 Thread 0x000001b100735510 Thread added: 0x000001b122a37620
Event: 0.079 Thread 0x000001b100735510 Thread added: 0x000001b122a3b190
Event: 0.079 Thread 0x000001b100735510 Thread added: 0x000001b122a3df40
Event: 0.079 Thread 0x000001b100735510 Thread added: 0x000001b122a47620
Event: 0.081 Thread 0x000001b122a47620 Thread added: 0x000001b122c13210
Event: 0.081 Thread 0x000001b122a47620 Thread added: 0x000001b122c13ae0
Event: 0.096 Thread 0x000001b100735510 Thread added: 0x000001b122cdf300
Event: 0.129 Thread 0x000001b122a47620 Thread added: 0x000001b122da1da0
Event: 0.135 Thread 0x000001b122a3df40 Thread added: 0x000001b122d7c980
Event: 0.148 Thread 0x000001b100735510 Thread added: 0x000001b122ce13d0
Event: 0.206 Thread 0x000001b100735510 Thread added: 0x000001b122ce06b0
Event: 0.206 Thread 0x000001b100735510 Thread added: 0x000001b122cddf50
Event: 0.207 Thread 0x000001b100735510 Thread added: 0x000001b122cdf990
Event: 0.216 Thread 0x000001b100735510 Thread added: 0x000001b122cde5e0
Event: 0.216 Thread 0x000001b100735510 Thread exited: 0x000001b100735510
Event: 0.216 Thread 0x000001b122ce0d40 Thread added: 0x000001b122ce0d40
Event: 0.396 Thread 0x000001b122d7c980 Thread exited: 0x000001b122d7c980


Dynamic libraries:
0x00007ff705760000 - 0x00007ff705770000 	C:\Program Files\Java\jdk-22\bin\javaw.exe
0x00007ffc48610000 - 0x00007ffc48827000 	C:\Windows\SYSTEM32\ntdll.dll
0x00007ffc473f0000 - 0x00007ffc474b4000 	C:\Windows\System32\KERNEL32.DLL
0x00007ffc45ba0000 - 0x00007ffc45f4d000 	C:\Windows\System32\KERNELBASE.dll
0x00007ffc45f50000 - 0x00007ffc46061000 	C:\Windows\System32\ucrtbase.dll
0x00007ffc36550000 - 0x00007ffc36567000 	C:\Program Files\Java\jdk-22\bin\jli.dll
0x00007ffc47650000 - 0x00007ffc477fe000 	C:\Windows\System32\USER32.dll
0x00007ffc459b0000 - 0x00007ffc459d6000 	C:\Windows\System32\win32u.dll
0x00007ffc34860000 - 0x00007ffc3487b000 	C:\Program Files\Java\jdk-22\bin\VCRUNTIME140.dll
0x00007ffc2edb0000 - 0x00007ffc2f043000 	C:\Windows\WinSxS\amd64_microsoft.windows.common-controls_6595b64144ccf1df_6.0.22621.3672_none_2713b9d173822955\COMCTL32.dll
0x00007ffc481d0000 - 0x00007ffc481f9000 	C:\Windows\System32\GDI32.dll
0x00007ffc459e0000 - 0x00007ffc45af9000 	C:\Windows\System32\gdi32full.dll
0x00007ffc47340000 - 0x00007ffc473e7000 	C:\Windows\System32\msvcrt.dll
0x00007ffc45b00000 - 0x00007ffc45b9a000 	C:\Windows\System32\msvcp_win.dll
0x00007ffc46ee0000 - 0x00007ffc46f11000 	C:\Windows\System32\IMM32.DLL
0x00007ffc3a730000 - 0x00007ffc3a73c000 	C:\Program Files\Java\jdk-22\bin\vcruntime140_1.dll
0x00007ffbf1f40000 - 0x00007ffbf1fce000 	C:\Program Files\Java\jdk-22\bin\msvcp140.dll
0x00007ffb5ab20000 - 0x00007ffb5b869000 	C:\Program Files\Java\jdk-22\bin\server\jvm.dll
0x00007ffc46dd0000 - 0x00007ffc46e82000 	C:\Windows\System32\ADVAPI32.dll
0x00007ffc467d0000 - 0x00007ffc46879000 	C:\Windows\System32\sechost.dll
0x00007ffc460f0000 - 0x00007ffc46118000 	C:\Windows\System32\bcrypt.dll
0x00007ffc48300000 - 0x00007ffc48414000 	C:\Windows\System32\RPCRT4.dll
0x00007ffc48490000 - 0x00007ffc48501000 	C:\Windows\System32\WS2_32.dll
0x00007ffc44790000 - 0x00007ffc447dd000 	C:\Windows\SYSTEM32\POWRPROF.dll
0x00007ffc3a6f0000 - 0x00007ffc3a724000 	C:\Windows\SYSTEM32\WINMM.dll
0x00007ffc391d0000 - 0x00007ffc391da000 	C:\Windows\SYSTEM32\VERSION.dll
0x00007ffc44770000 - 0x00007ffc44783000 	C:\Windows\SYSTEM32\UMPDC.dll
0x00007ffc44a30000 - 0x00007ffc44a48000 	C:\Windows\SYSTEM32\kernel.appcore.dll
0x00007ffc3a2c0000 - 0x00007ffc3a2ca000 	C:\Program Files\Java\jdk-22\bin\jimage.dll
0x00007ffc42dc0000 - 0x00007ffc42ff2000 	C:\Windows\SYSTEM32\DBGHELP.DLL
0x00007ffc46a40000 - 0x00007ffc46dc8000 	C:\Windows\System32\combase.dll
0x00007ffc48220000 - 0x00007ffc482f7000 	C:\Windows\System32\OLEAUT32.dll
0x00007ffc14b80000 - 0x00007ffc14bb2000 	C:\Windows\SYSTEM32\dbgcore.DLL
0x00007ffc46070000 - 0x00007ffc460eb000 	C:\Windows\System32\bcryptPrimitives.dll
0x00007ffc34840000 - 0x00007ffc3485e000 	C:\Program Files\Java\jdk-22\bin\java.dll
0x00007ffc47810000 - 0x00007ffc4806f000 	C:\Windows\System32\SHELL32.dll
0x00007ffc46f20000 - 0x00007ffc470c5000 	C:\Windows\System32\ole32.dll
0x00007ffc43850000 - 0x00007ffc4414c000 	C:\Windows\SYSTEM32\windows.storage.dll
0x00007ffc43710000 - 0x00007ffc4384f000 	C:\Windows\SYSTEM32\wintypes.dll
0x00007ffc474e0000 - 0x00007ffc475d4000 	C:\Windows\System32\SHCORE.dll
0x00007ffc475f0000 - 0x00007ffc4764e000 	C:\Windows\System32\shlwapi.dll
0x00007ffc45870000 - 0x00007ffc45891000 	C:\Windows\SYSTEM32\profapi.dll
0x00007ffb9efe0000 - 0x00007ffb9f0b7000 	C:\Program Files\Java\jdk-22\bin\jsvml.dll
0x00007ffc385e0000 - 0x00007ffc385f0000 	C:\Program Files\Java\jdk-22\bin\net.dll
0x00007ffc44e90000 - 0x00007ffc44ef9000 	C:\Windows\system32\mswsock.dll
0x00007ffc315f0000 - 0x00007ffc31606000 	C:\Program Files\Java\jdk-22\bin\nio.dll
0x00007ffc31530000 - 0x00007ffc31547000 	C:\Program Files\Java\jdk-22\bin\zip.dll
0x00007ffb9ae80000 - 0x00007ffb9b00e000 	C:\Program Files\Java\jdk-22\bin\awt.dll
0x00007ffc3d5c0000 - 0x00007ffc3d657000 	C:\Windows\SYSTEM32\apphelp.dll
0x00007ffc427a0000 - 0x00007ffc4284f000 	C:\Windows\system32\uxtheme.dll
0x00007ffc48070000 - 0x00007ffc481c3000 	C:\Windows\System32\MSCTF.dll
0x00007ffc42b50000 - 0x00007ffc42b7b000 	C:\Windows\system32\DWMAPI.DLL
0x00007ffbf1d40000 - 0x00007ffbf1e40000 	C:\Windows\system32\opengl32.dll
0x00007ffc0b910000 - 0x00007ffc0b93d000 	C:\Windows\SYSTEM32\GLU32.dll
0x00007ffc42ca0000 - 0x00007ffc42cd9000 	C:\Windows\SYSTEM32\dxcore.dll
0x00007ffc07980000 - 0x00007ffc07b28000 	C:\Windows\system32\d3d9.dll
0x00007ffc45620000 - 0x00007ffc4566e000 	C:\Windows\SYSTEM32\cfgmgr32.dll
0x00007ffc461e0000 - 0x00007ffc46347000 	C:\Windows\System32\CRYPT32.dll
0x00007ffc3a6a0000 - 0x00007ffc3a6e9000 	C:\Windows\SYSTEM32\directxdatabasehelper.dll
0x00007ffc017b0000 - 0x00007ffc01871000 	C:\Windows\System32\DriverStore\FileRepository\nvaci.inf_amd64_2d64993a511abbbc\nvldumdx.dll
0x00007ffc455d0000 - 0x00007ffc455e2000 	C:\Windows\SYSTEM32\msasn1.dll
0x00007ffc39190000 - 0x00007ffc391c2000 	C:\Windows\SYSTEM32\cryptnet.dll
0x00007ffc45110000 - 0x00007ffc4511c000 	C:\Windows\SYSTEM32\cryptbase.dll
0x00007ffc451e0000 - 0x00007ffc45229000 	C:\Windows\SYSTEM32\wldp.dll
0x00007ffc39030000 - 0x00007ffc39188000 	C:\Windows\SYSTEM32\drvstore.dll
0x00007ffc455f0000 - 0x00007ffc4561c000 	C:\Windows\SYSTEM32\devobj.dll
0x00007ffc45940000 - 0x00007ffc459ab000 	C:\Windows\System32\wintrust.dll
0x00007ffc474c0000 - 0x00007ffc474df000 	C:\Windows\System32\imagehlp.dll
0x00007ffc45120000 - 0x00007ffc4513b000 	C:\Windows\SYSTEM32\CRYPTSP.dll
0x00007ffc44980000 - 0x00007ffc449b5000 	C:\Windows\system32\rsaenh.dll
0x00007ffbff810000 - 0x00007ffc0163f000 	C:\Windows\System32\DriverStore\FileRepository\nvaci.inf_amd64_2d64993a511abbbc\nvgpucomp64.dll
0x00007ffb2b710000 - 0x00007ffb2d753000 	C:\Windows\System32\DriverStore\FileRepository\nvaci.inf_amd64_2d64993a511abbbc\nvd3dumx.dll
0x00007ffbd1520000 - 0x00007ffbd17f0000 	C:\Windows\system32\nvspcap64.dll
0x00007ffc44a50000 - 0x00007ffc44a84000 	C:\Windows\SYSTEM32\ntmarta.dll
0x00007ffbf4570000 - 0x00007ffbf4620000 	C:\Windows\SYSTEM32\d3d9on12.dll
0x00007ffbd0f20000 - 0x00007ffbd0f46000 	C:\Windows\SYSTEM32\d3d12.dll
0x00007ffc429f0000 - 0x00007ffc42ae7000 	C:\Windows\SYSTEM32\dxgi.dll
0x00007ffb68ee0000 - 0x00007ffb690e2000 	C:\Windows\SYSTEM32\D3D12Core.dll
0x00007ffb84f00000 - 0x00007ffb84ff3000 	C:\Windows\System32\DriverStore\FileRepository\iigd_dch.inf_amd64_5abe29f3c0d0da38\igd12umd64.dll
0x00007ffb67df0000 - 0x00007ffb68ed9000 	C:\Windows\System32\DriverStore\FileRepository\iigd_dch.inf_amd64_5abe29f3c0d0da38\igd12um64xel.dll
0x00007ffb74370000 - 0x00007ffb74396000 	C:\Windows\System32\DriverStore\FileRepository\iigd_dch.inf_amd64_5abe29f3c0d0da38\igdext64.dll
0x00007ffb85e00000 - 0x00007ffb85e47000 	C:\Windows\SYSTEM32\ControlLib.dll
0x00007ffc33360000 - 0x00007ffc333f3000 	C:\Windows\System32\DriverStore\FileRepository\iigd_dch.inf_amd64_5abe29f3c0d0da38\IntelControlLib.dll
0x00007ffc2f330000 - 0x00007ffc2f76d000 	C:\Windows\System32\DriverStore\FileRepository\iigd_dch.inf_amd64_5abe29f3c0d0da38\igdgmm64.dll
0x00007ffc26080000 - 0x00007ffc2a076000 	C:\Windows\System32\DriverStore\FileRepository\iigd_dch.inf_amd64_5abe29f3c0d0da38\igc64.dll
0x00007ffb6c680000 - 0x00007ffb6c6af000 	C:\Windows\SYSTEM32\D3DSCache.dll
0x00007ffc44f70000 - 0x00007ffc44f98000 	C:\Windows\SYSTEM32\USERENV.dll
0x00007ffb67ad0000 - 0x00007ffb67de2000 	C:\Windows\System32\DriverStore\FileRepository\iigd_dch.inf_amd64_5abe29f3c0d0da38\igd12dxva64.dll
0x00007ffc46350000 - 0x00007ffc467c4000 	C:\Windows\System32\SETUPAPI.dll
0x00007ffb96ed0000 - 0x00007ffb980a8000 	C:\Windows\System32\DriverStore\FileRepository\iigd_dch.inf_amd64_5abe29f3c0d0da38\igddxvacommon64.dll
0x00007ffb94e80000 - 0x00007ffb96bab000 	C:\Windows\System32\DriverStore\FileRepository\iigd_dch.inf_amd64_5abe29f3c0d0da38\media_bin_64.dll
0x00007ffc06ea0000 - 0x00007ffc06ec7000 	C:\Windows\System32\DriverStore\FileRepository\iigd_dch.inf_amd64_5abe29f3c0d0da38\igdinfo64.dll

dbghelp: loaded successfully - version: 4.0.5 - missing functions: none
symbol engine: initialized successfully - sym options: 0x614 - pdb path: .;C:\Program Files\Java\jdk-22\bin;C:\Windows\SYSTEM32;C:\Windows\WinSxS\amd64_microsoft.windows.common-controls_6595b64144ccf1df_6.0.22621.3672_none_2713b9d173822955;C:\Program Files\Java\jdk-22\bin\server;C:\Windows\System32\DriverStore\FileRepository\nvaci.inf_amd64_2d64993a511abbbc;C:\Windows\System32\DriverStore\FileRepository\iigd_dch.inf_amd64_5abe29f3c0d0da38

VM Arguments:
jvm_args: -Dfile.encoding=UTF-8 -Dstdout.encoding=UTF-8 -Dstderr.encoding=UTF-8 --module-path=C:\Users\benbu\eclipse-workspace\StajyerTakipProgramý\bin;C:\Users\benbu\eclipse-workspace\StajyerTakipProgramý\jcalendar-1.4.jar;C:\Users\benbu\eclipse-workspace\StajyerTakipProgramý\postgresql-42.7.3.jar;C:\Users\benbu\eclipse-workspace\StajyerTakipProgramý\swingx-1.6.1.jar -XX:+ShowCodeDetailsInExceptionMessages -Djdk.module.main=StajyerTakipProgramý 
java_command: StajyerTakipProgramý/ViewPackages.Login
java_class_path (initial): C:\Users\benbu\eclipse-workspace\StajyerTakipProgramý\com.miglayout.swing_11.3.0.jar;C:\Users\benbu\eclipse-workspace\StajyerTakipProgramý\com.miglayout.core_11.3.0.jar;C:\Users\benbu\eclipse-workspace\StajyerTakipProgramý\com.jgoodies.forms_1.9.0.v20240327-0800.jar;C:\Users\benbu\eclipse-workspace\StajyerTakipProgramý\com.jgoodies.common_1.8.1.v20240327-0800.jar;C:\Users\benbu\eclipse-workspace\StajyerTakipProgramý\jcalendar-1.4.jar
Launcher Type: SUN_STANDARD

[Global flags]
     intx CICompilerCount                          = 12                                        {product} {ergonomic}
     uint ConcGCThreads                            = 4                                         {product} {ergonomic}
     uint G1ConcRefinementThreads                  = 15                                        {product} {ergonomic}
   size_t G1HeapRegionSize                         = 2097152                                   {product} {ergonomic}
   size_t InitialHeapSize                          = 264241152                                 {product} {ergonomic}
   size_t MarkStackSize                            = 4194304                                   {product} {ergonomic}
   size_t MaxHeapSize                              = 4219469824                                {product} {ergonomic}
   size_t MaxNewSize                               = 2531262464                                {product} {ergonomic}
   size_t MinHeapDeltaBytes                        = 2097152                                   {product} {ergonomic}
   size_t MinHeapSize                              = 8388608                                   {product} {ergonomic}
    uintx NonNMethodCodeHeapSize                   = 7602480                                {pd product} {ergonomic}
    uintx NonProfiledCodeHeapSize                  = 122027880                              {pd product} {ergonomic}
    uintx ProfiledCodeHeapSize                     = 122027880                              {pd product} {ergonomic}
    uintx ReservedCodeCacheSize                    = 251658240                              {pd product} {ergonomic}
     bool SegmentedCodeCache                       = true                                      {product} {ergonomic}
     bool ShowCodeDetailsInExceptionMessages       = true                                   {manageable} {command line}
   size_t SoftMaxHeapSize                          = 4219469824                             {manageable} {ergonomic}
     bool UseCompressedOops                        = true                           {product lp64_product} {ergonomic}
     bool UseG1GC                                  = true                                      {product} {ergonomic}
     bool UseLargePagesIndividualAllocation        = false                                  {pd product} {ergonomic}

Logging:
Log output configuration:
 #0: stdout all=warning uptime,level,tags foldmultilines=false
 #1: stderr all=off uptime,level,tags foldmultilines=false

Environment Variables:
PATH=C:/Users/benbu/.p2/pool/plugins/org.eclipse.justj.openjdk.hotspot.jre.full.win32.x86_64_22.0.1.v20240426-1149/jre/bin/server;C:/Users/benbu/.p2/pool/plugins/org.eclipse.justj.openjdk.hotspot.jre.full.win32.x86_64_22.0.1.v20240426-1149/jre/bin;C:\ora19c\V982656-01\bin;C:\Program Files\Common Files\Oracle\Java\javapath;C:\ProgramData\Oracle\Java\javapath;C:\Windows\system32;C:\Windows;C:\Windows\System32\Wbem;C:\Windows\System32\WindowsPowerShell\v1.0\;C:\Windows\System32\OpenSSH\;C:\Program Files (x86)\NVIDIA Corporation\PhysX\Common;C:\Program Files\NVIDIA Corporation\NVIDIA NvDLISR;C:\Program Files\Docker\Docker\resources\bin;C:\Program Files\Git\cmd;C:\Program Files\Java\jdk-17\bin;C:\Program Files\MariaDB\MariaDB Connector C 64-bit\lib\;C:\Program Files\MariaDB\MariaDB Connector C 64-bit\lib\plugin\;C:\Users\benbu\AppData\Local\Microsoft\WindowsApps;;C:\Users\benbu\AppData\Local\Programs\Microsoft VS Code\bin;C:\Windows\system32;
USERNAME=benbu
OS=Windows_NT
PROCESSOR_IDENTIFIER=Intel64 Family 6 Model 154 Stepping 3, GenuineIntel
TMP=C:\Users\benbu\AppData\Local\Temp
TEMP=C:\Users\benbu\AppData\Local\Temp




Periodic native trim disabled

---------------  S Y S T E M  ---------------

OS:
 Windows 11 , 64 bit Build 22621 (10.0.22621.3672)
OS uptime: 11 days 14:31 hours
Hyper-V role detected

CPU: total 20 (initial active 20) (10 cores per cpu, 2 threads per core) family 6 model 154 stepping 3 microcode 0x420, cx8, cmov, fxsr, ht, mmx, 3dnowpref, sse, sse2, sse3, ssse3, sse4.1, sse4.2, popcnt, lzcnt, tsc, tscinvbit, avx, avx2, aes, erms, clmul, bmi1, bmi2, adx, sha, fma, vzeroupper, clflush, clflushopt, clwb, hv, serialize, rdtscp, rdpid, fsrm, f16c, cet_ibt, cet_ss
Processor Information for processor 0
  Max Mhz: 2700, Current Mhz: 2700, Mhz Limit: 2700
Processor Information for processor 1
  Max Mhz: 2700, Current Mhz: 1489, Mhz Limit: 2700
Processor Information for processor 2
  Max Mhz: 2700, Current Mhz: 2700, Mhz Limit: 2700
Processor Information for processor 3
  Max Mhz: 2700, Current Mhz: 1489, Mhz Limit: 2700
Processor Information for processor 4
  Max Mhz: 2700, Current Mhz: 2700, Mhz Limit: 2700
Processor Information for processor 5
  Max Mhz: 2700, Current Mhz: 1489, Mhz Limit: 2700
Processor Information for processor 6
  Max Mhz: 2700, Current Mhz: 1489, Mhz Limit: 2700
Processor Information for processor 7
  Max Mhz: 2700, Current Mhz: 2700, Mhz Limit: 2700
Processor Information for processor 8
  Max Mhz: 2700, Current Mhz: 2700, Mhz Limit: 2700
Processor Information for processor 9
  Max Mhz: 2700, Current Mhz: 1489, Mhz Limit: 2700
Processor Information for processor 10
  Max Mhz: 2700, Current Mhz: 2700, Mhz Limit: 2700
Processor Information for processor 11
  Max Mhz: 2700, Current Mhz: 2700, Mhz Limit: 2700
Processor Information for processor 12
  Max Mhz: 2700, Current Mhz: 1995, Mhz Limit: 1971
Processor Information for processor 13
  Max Mhz: 2700, Current Mhz: 1995, Mhz Limit: 1971
Processor Information for processor 14
  Max Mhz: 2700, Current Mhz: 1995, Mhz Limit: 1971
Processor Information for processor 15
  Max Mhz: 2700, Current Mhz: 1995, Mhz Limit: 1971
Processor Information for processor 16
  Max Mhz: 2700, Current Mhz: 1995, Mhz Limit: 1971
Processor Information for processor 17
  Max Mhz: 2700, Current Mhz: 1995, Mhz Limit: 1971
Processor Information for processor 18
  Max Mhz: 2700, Current Mhz: 1995, Mhz Limit: 1971
Processor Information for processor 19
  Max Mhz: 2700, Current Mhz: 1995, Mhz Limit: 1971

Memory: 4k page, system-wide physical 16088M (420M free)
TotalPageFile size 28376M (AvailPageFile size 3M)
current process WorkingSet (physical memory assigned to process): 150M, peak: 150M
current process commit charge ("private bytes"): 468M, peak: 469M

vm_info: Java HotSpot(TM) 64-Bit Server VM (22.0.2+9-70) for windows-amd64 JRE (22.0.2+9-70), built on 2024-06-04T16:52:23Z by "mach5one" with MS VC++ 17.6 (VS2022)

END.
